<?xml version="1.0" encoding="UTF-8"?>
<!-- Generated by org.testng.reporters.JUnitReportReporter -->
<testsuite skipped="0" hostname="Flounder-PC" name="com.AdidasTask.TestScripts.TestScripts" tests="5" failures="0" timestamp="07 Jan 2018 16:15:36 GMT" time="91.044" errors="0">
  <testcase name="HomePage_Title_Verification" time="21.959" classname="com.AdidasTask.TestScripts.TestScripts"/>
  <testcase name="CartValueVerification" time="27.547" classname="com.AdidasTask.TestScripts.TestScripts"/>
  <testcase name="LoginCheck" time="11.704" classname="com.AdidasTask.TestScripts.TestScripts"/>
  <testcase name="LoginCheck" time="15.263" classname="com.AdidasTask.TestScripts.TestScripts"/>
  <testcase name="LoginCheck" time="14.571" classname="com.AdidasTask.TestScripts.TestScripts"/>
</testsuite> <!-- com.AdidasTask.TestScripts.TestScripts -->
